This is TeX, Version 3.14159265 (TeX Live 2020/Debian) (preloaded format=tex 2021.3.29)  4 MAY 2021 17:10
**Hello.tex
(./Hello.tex
! Undefined control sequence.
l.2 \PassOptionsToPackage
                         {unicode}{hyperref}
? 
! Undefined control sequence.
l.3 \PassOptionsToPackage
                         {hyphens}{url}
? 
! Undefined control sequence.
l.5 \documentclass
                  [
? 
! Undefined control sequence.
l.7 \usepackage
               {lmodern}
? 
! Undefined control sequence.
l.8 \usepackage
               {amssymb,amsmath}
? 
! Undefined control sequence.
l.9 \usepackage
               {ifxetex,ifluatex}
? 
! Undefined control sequence.
l.10 \ifnum 0\ifxetex
                      1\fi\ifluatex 1\fi=0 % if pdftex
? 
! Missing = inserted for \ifnum.
<to be read again> 
                   \relax 
<to be read again> 
                   \fi 
l.10 \ifnum 0\ifxetex 1\fi
                          \ifluatex 1\fi=0 % if pdftex
? 
! Missing number, treated as zero.
<to be read again> 
                   \relax 
<to be read again> 
                   \fi 
l.10 \ifnum 0\ifxetex 1\fi
                          \ifluatex 1\fi=0 % if pdftex
? 
! Undefined control sequence.
l.10 \ifnum 0\ifxetex 1\fi\ifluatex
                                    1\fi=0 % if pdftex
? 
! Extra \fi.
l.10 \ifnum 0\ifxetex 1\fi\ifluatex 1\fi
                                        =0 % if pdftex
? 
! Undefined control sequence.
l.11   \usepackage
                  [T1]{fontenc}
? 
! Undefined control sequence.
l.12   \usepackage
                  [utf8]{inputenc}
? 
! Undefined control sequence.
l.13   \usepackage
                  {textcomp} % provide euro and other symbols
? 
! Extra \else.
l.14 \else
           % if luatex or xetex
? 
! Undefined control sequence.
l.15   \usepackage
                  {unicode-math}
? 
! Undefined control sequence.
l.16   \defaultfontfeatures
                           {Scale=MatchLowercase}
? 
! Undefined control sequence.
l.17   \defaultfontfeatures
                           [\rmfamily]{Ligatures=TeX,Scale=1}
? 
! Undefined control sequence.
l.17   \defaultfontfeatures[\rmfamily
                                     ]{Ligatures=TeX,Scale=1}
? 
! Extra \fi.
l.18 \fi
        
? 
! Undefined control sequence.
l.20 \IfFileExists
                  {upquote.sty}{\usepackage{upquote}}{}
? 
! Undefined control sequence.
l.20 \IfFileExists{upquote.sty}{\usepackage
                                           {upquote}}{}
? 
! Undefined control sequence.
l.21 \IfFileExists
                  {microtype.sty}{% use microtype if available
? 
! Undefined control sequence.
l.22   \usepackage
                  []{microtype}
? 
! Undefined control sequence.
l.23   \UseMicrotypeSet
                       [protrusion]{basicmath} % disable protrusion for tt f...

? 
! Undefined control sequence.
l.25 \makeatletter
                  
? 
! Undefined control sequence.
l.26 \@
       ifundefined{KOMAClassName}{% if non-KOMA class
? 
! Undefined control sequence.
l.27   \IfFileExists
                    {parskip.sty}{%
? 
! Undefined control sequence.
l.28     \usepackage
                    {parskip}
? 
! Undefined control sequence.
l.30     \setlength
                   {\parindent}{0pt}
? 
! Missing number, treated as zero.
<to be read again> 
                   }
l.30     \setlength{\parindent}
                               {0pt}
? 
! Illegal unit of measure (pt inserted).
<to be read again> 
                   }
l.30     \setlength{\parindent}
                               {0pt}
? 
! Undefined control sequence.
l.31     \setlength
                   {\parskip}{6pt plus 2pt minus 1pt}}
? 
! Missing number, treated as zero.
<to be read again> 
                   }
l.31     \setlength{\parskip}
                             {6pt plus 2pt minus 1pt}}
? 
! Illegal unit of measure (pt inserted).
<to be read again> 
                   }
l.31     \setlength{\parskip}
                             {6pt plus 2pt minus 1pt}}
? 
! Undefined control sequence.
l.33   \KOMAoptions
                   {parskip=half}}
? 
! Undefined control sequence.
l.34 \makeatother
                 
? 
! Undefined control sequence.
l.35 \usepackage
                {xcolor}
? 
! Undefined control sequence.
l.36 \IfFileExists
                  {xurl.sty}{\usepackage{xurl}}{} % add URL line breaks if a...

? 
! Undefined control sequence.
l.36 \IfFileExists{xurl.sty}{\usepackage
                                        {xurl}}{} % add URL line breaks if a...

? 
! Undefined control sequence.
l.37 \IfFileExists
                  {bookmark.sty}{\usepackage{bookmark}}{\usepackage{hyperref}}
? 
! Undefined control sequence.
l.37 \IfFileExists{bookmark.sty}{\usepackage
                                            {bookmark}}{\usepackage{hyperref}}
? 
! Undefined control sequence.
l.37 ...rk.sty}{\usepackage{bookmark}}{\usepackage
                                                  {hyperref}}
? 
! Undefined control sequence.
l.38 \hypersetup
                {
? 
! Undefined control sequence.
l.43 \urlstyle
              {same} % disable monospaced font for URLs
? 
! Undefined control sequence.
l.44 \usepackage
                {color}
? 
! Undefined control sequence.
l.45 \usepackage
                {fancyvrb}
? 
! Undefined control sequence.
l.46 \newcommand
                {\VerbBar}{|}
? 
! Undefined control sequence.
l.46 \newcommand{\VerbBar
                         }{|}
? 
! Undefined control sequence.
l.47 \newcommand
                {\VERB}{\Verb[commandchars=\\\{\}]}
? 
! Undefined control sequence.
l.47 \newcommand{\VERB
                      }{\Verb[commandchars=\\\{\}]}
? 
! Undefined control sequence.
l.47 \newcommand{\VERB}{\Verb
                             [commandchars=\\\{\}]}
? 
! Argument of \\ has an extra }.
<inserted text> 
                \par 
<to be read again> 
                   }
l.47 ...command{\VERB}{\Verb[commandchars=\\\{\}]}
                                                  
? 
Runaway argument?
\{\}]
! Paragraph ended before \\ was complete.
<to be read again> 
                   \par 
<to be read again> 
                   }
l.47 ...command{\VERB}{\Verb[commandchars=\\\{\}]}
                                                  
? 

Overfull \hbox (31.99608pt too wide) in paragraph at lines 2--47
[]\tenrm unicodehyperref hy-phen-surl [ ]ar-ti-cle lmod-ern amssymb,amsmath ifx
-e-tex,ifluatex 1=0 [T1]fontenc [utf8]inputenc|

\hbox(7.5+2.5)x469.75499, glue set - 1.0
.\hbox(0.0+0.0)x20.0
.\tenrm u
.\tenrm n
.\tenrm i
.\tenrm c
.etc.


Overfull \hbox (49.1905pt too wide) in paragraph at lines 2--47
\tenrm textcomp unicode-math Scale=MatchLowercase []Lig-a-tures=TeX,Scale=1 up-
quote.styupquote mi-crotype.sty[]microtype|

\hbox(7.5+2.5)x469.75499, glue set - 1.0
.\tenrm t
.\tenrm e
.\tenrm x
.\tenrm t
.\tenrm c
.etc.


Overfull \hbox (10.66275pt too wide) in paragraph at lines 2--47
\tenrm [pro-tru-sion]basicmath  ifun-de-fined-KO-MAClass-Nameparskip.styparskip
 0pt 6pt plus 2pt mi-nus 1pt parskip=half|

\hbox(7.5+2.5)x469.75499, glue set - 1.0
.\tenrm [
.\tenrm p
.\tenrm r
.\tenrm o
.\discretionary
..\tenrm -
.etc.


Overfull \hbox (3.71844pt too wide) in paragraph at lines 2--47
\tenrm xcolor xurl.styxurl book-mark.stybookmarkhyperref  pdfti-tle=Just say he
llo!, pdfau-thor=My Friend, hidelinks,|

\hbox(6.94444+1.94444)x469.75499, glue set - 1.0
.\tenrm x
.\tenrm c
.\tenrm o
.\tenrm l
.\tenrm o
.etc.

! Undefined control sequence.
l.48 \DefineVerbatimEnvironment
                               {Highlighting}{Verbatim}{commandchars=\\\{\}}
? 
! Argument of \\ has an extra }.
<inserted text> 
                \par 
<to be read again> 
                   }
l.48 ...ghlighting}{Verbatim}{commandchars=\\\{\}}
                                                  
? 
Runaway argument?
\{\}
! Paragraph ended before \\ was complete.
<to be read again> 
                   \par 
<to be read again> 
                   }
l.48 ...ghlighting}{Verbatim}{commandchars=\\\{\}}
                                                  
? 
! Undefined control sequence.
l.50 \newenvironment
                    {Shaded}{}{}
? 
! Undefined control sequence.
l.51 \newcommand
                {\AlertTok}[1]{\textcolor[rgb]{1.00,0.00,0.00}{\textbf{#1}}}
? 
! Undefined control sequence.
l.51 \newcommand{\AlertTok
                          }[1]{\textcolor[rgb]{1.00,0.00,0.00}{\textbf{#1}}}
? 
! Undefined control sequence.
l.51 \newcommand{\AlertTok}[1]{\textcolor
                                         [rgb]{1.00,0.00,0.00}{\textbf{#1}}}
? 
! Undefined control sequence.
l.51 ...1]{\textcolor[rgb]{1.00,0.00,0.00}{\textbf
                                                  {#1}}}
? 
! You can't use `macro parameter character #' in horizontal mode.
l.51 ...{\textcolor[rgb]{1.00,0.00,0.00}{\textbf{#
                                                  1}}}
? 
! Undefined control sequence.
l.52 \newcommand
                {\AnnotationTok}[1]{\textcolor[rgb]{0.38,0.63,0.69}{\textbf{...

? 
! Undefined control sequence.
l.52 \newcommand{\AnnotationTok
                               }[1]{\textcolor[rgb]{0.38,0.63,0.69}{\textbf{...

? 
! Undefined control sequence.
l.52 \newcommand{\AnnotationTok}[1]{\textcolor
                                              [rgb]{0.38,0.63,0.69}{\textbf{...

? 
! Undefined control sequence.
l.52 ...1]{\textcolor[rgb]{0.38,0.63,0.69}{\textbf
                                                  {\textit{#1}}}}
? 
! Undefined control sequence.
l.52 ...color[rgb]{0.38,0.63,0.69}{\textbf{\textit
                                                  {#1}}}}
? 
! You can't use `macro parameter character #' in horizontal mode.
l.52 ...lor[rgb]{0.38,0.63,0.69}{\textbf{\textit{#
                                                  1}}}}
? 
! Undefined control sequence.
l.53 \newcommand
                {\AttributeTok}[1]{\textcolor[rgb]{0.49,0.56,0.16}{#1}}
? 
! Undefined control sequence.
l.53 \newcommand{\AttributeTok
                              }[1]{\textcolor[rgb]{0.49,0.56,0.16}{#1}}
? 
! Undefined control sequence.
l.53 \newcommand{\AttributeTok}[1]{\textcolor
                                             [rgb]{0.49,0.56,0.16}{#1}}
? 
! You can't use `macro parameter character #' in horizontal mode.
l.53 ...eTok}[1]{\textcolor[rgb]{0.49,0.56,0.16}{#
                                                  1}}
? 
! Undefined control sequence.
l.54 \newcommand
                {\BaseNTok}[1]{\textcolor[rgb]{0.25,0.63,0.44}{#1}}
? 
! Undefined control sequence.
l.54 \newcommand{\BaseNTok
                          }[1]{\textcolor[rgb]{0.25,0.63,0.44}{#1}}
? 
! Undefined control sequence.
l.54 \newcommand{\BaseNTok}[1]{\textcolor
                                         [rgb]{0.25,0.63,0.44}{#1}}
? 
! You can't use `macro parameter character #' in horizontal mode.
l.54 ...NTok}[1]{\textcolor[rgb]{0.25,0.63,0.44}{#
                                                  1}}
? 
! Undefined control sequence.
l.55 \newcommand
                {\BuiltInTok}[1]{#1}
? 
! Undefined control sequence.
l.55 \newcommand{\BuiltInTok
                            }[1]{#1}
? 
! You can't use `macro parameter character #' in horizontal mode.
l.55 \newcommand{\BuiltInTok}[1]{#
                                  1}
? 
! Undefined control sequence.
l.56 \newcommand
                {\CharTok}[1]{\textcolor[rgb]{0.25,0.44,0.63}{#1}}
? 
! Undefined control sequence.
l.56 \newcommand{\CharTok
                         }[1]{\textcolor[rgb]{0.25,0.44,0.63}{#1}}
? 
! Undefined control sequence.
l.56 \newcommand{\CharTok}[1]{\textcolor
                                        [rgb]{0.25,0.44,0.63}{#1}}
? 
! You can't use `macro parameter character #' in horizontal mode.
l.56 ...rTok}[1]{\textcolor[rgb]{0.25,0.44,0.63}{#
                                                  1}}
? 
! Undefined control sequence.
l.57 \newcommand
                {\CommentTok}[1]{\textcolor[rgb]{0.38,0.63,0.69}{\textit{#1}}}
? 
! Undefined control sequence.
l.57 \newcommand{\CommentTok
                            }[1]{\textcolor[rgb]{0.38,0.63,0.69}{\textit{#1}}}
? 
! Undefined control sequence.
l.57 \newcommand{\CommentTok}[1]{\textcolor
                                           [rgb]{0.38,0.63,0.69}{\textit{#1}}}
? 
! Undefined control sequence.
l.57 ...1]{\textcolor[rgb]{0.38,0.63,0.69}{\textit
                                                  {#1}}}
? 
! You can't use `macro parameter character #' in horizontal mode.
l.57 ...{\textcolor[rgb]{0.38,0.63,0.69}{\textit{#
                                                  1}}}
? 
! Undefined control sequence.
l.58 \newcommand
                {\CommentVarTok}[1]{\textcolor[rgb]{0.38,0.63,0.69}{\textbf{...

? 
! Undefined control sequence.
l.58 \newcommand{\CommentVarTok
                               }[1]{\textcolor[rgb]{0.38,0.63,0.69}{\textbf{...

? 
! Undefined control sequence.
l.58 \newcommand{\CommentVarTok}[1]{\textcolor
                                              [rgb]{0.38,0.63,0.69}{\textbf{...

? 
! Undefined control sequence.
l.58 ...1]{\textcolor[rgb]{0.38,0.63,0.69}{\textbf
                                                  {\textit{#1}}}}
? 
! Undefined control sequence.
l.58 ...color[rgb]{0.38,0.63,0.69}{\textbf{\textit
                                                  {#1}}}}
? 
! You can't use `macro parameter character #' in horizontal mode.
l.58 ...lor[rgb]{0.38,0.63,0.69}{\textbf{\textit{#
                                                  1}}}}
? 
! Undefined control sequence.
l.59 \newcommand
                {\ConstantTok}[1]{\textcolor[rgb]{0.53,0.00,0.00}{#1}}
? 
! Undefined control sequence.
l.59 \newcommand{\ConstantTok
                             }[1]{\textcolor[rgb]{0.53,0.00,0.00}{#1}}
? 
! Undefined control sequence.
l.59 \newcommand{\ConstantTok}[1]{\textcolor
                                            [rgb]{0.53,0.00,0.00}{#1}}
? 
! You can't use `macro parameter character #' in horizontal mode.
l.59 ...tTok}[1]{\textcolor[rgb]{0.53,0.00,0.00}{#
                                                  1}}
? 
! Undefined control sequence.
l.60 \newcommand
                {\ControlFlowTok}[1]{\textcolor[rgb]{0.00,0.44,0.13}{\textbf...

? 
! Undefined control sequence.
l.60 \newcommand{\ControlFlowTok
                                }[1]{\textcolor[rgb]{0.00,0.44,0.13}{\textbf...

? 
! Undefined control sequence.
l.60 \newcommand{\ControlFlowTok}[1]{\textcolor
                                               [rgb]{0.00,0.44,0.13}{\textbf...

? 
! Undefined control sequence.
l.60 ...1]{\textcolor[rgb]{0.00,0.44,0.13}{\textbf
                                                  {#1}}}
? 
! You can't use `macro parameter character #' in horizontal mode.
l.60 ...{\textcolor[rgb]{0.00,0.44,0.13}{\textbf{#
                                                  1}}}
? 
! Undefined control sequence.
l.61 \newcommand
                {\DataTypeTok}[1]{\textcolor[rgb]{0.56,0.13,0.00}{#1}}
? 
! Undefined control sequence.
l.61 \newcommand{\DataTypeTok
                             }[1]{\textcolor[rgb]{0.56,0.13,0.00}{#1}}
? 
! Undefined control sequence.
l.61 \newcommand{\DataTypeTok}[1]{\textcolor
                                            [rgb]{0.56,0.13,0.00}{#1}}
? 
! You can't use `macro parameter character #' in horizontal mode.
l.61 ...eTok}[1]{\textcolor[rgb]{0.56,0.13,0.00}{#
                                                  1}}
? 
! Undefined control sequence.
l.62 \newcommand
                {\DecValTok}[1]{\textcolor[rgb]{0.25,0.63,0.44}{#1}}
? 
! Undefined control sequence.
l.62 \newcommand{\DecValTok
                           }[1]{\textcolor[rgb]{0.25,0.63,0.44}{#1}}
? 
! Undefined control sequence.
l.62 \newcommand{\DecValTok}[1]{\textcolor
                                          [rgb]{0.25,0.63,0.44}{#1}}
? 
! You can't use `macro parameter character #' in horizontal mode.
l.62 ...lTok}[1]{\textcolor[rgb]{0.25,0.63,0.44}{#
                                                  1}}
? 
! Undefined control sequence.
l.63 \newcommand
                {\DocumentationTok}[1]{\textcolor[rgb]{0.73,0.13,0.13}{\text...

? 
! Undefined control sequence.
l.63 \newcommand{\DocumentationTok
                                  }[1]{\textcolor[rgb]{0.73,0.13,0.13}{\text...

? 
! Undefined control sequence.
l.63 \newcommand{\DocumentationTok}[1]{\textcolor
                                                 [rgb]{0.73,0.13,0.13}{\text...

? 
! Undefined control sequence.
l.63 ...1]{\textcolor[rgb]{0.73,0.13,0.13}{\textit
                                                  {#1}}}
? 
! You can't use `macro parameter character #' in horizontal mode.
l.63 ...{\textcolor[rgb]{0.73,0.13,0.13}{\textit{#
                                                  1}}}
? 
! Undefined control sequence.
l.64 \newcommand
                {\ErrorTok}[1]{\textcolor[rgb]{1.00,0.00,0.00}{\textbf{#1}}}
? 
! Undefined control sequence.
l.64 \newcommand{\ErrorTok
                          }[1]{\textcolor[rgb]{1.00,0.00,0.00}{\textbf{#1}}}
? 
! Undefined control sequence.
l.64 \newcommand{\ErrorTok}[1]{\textcolor
                                         [rgb]{1.00,0.00,0.00}{\textbf{#1}}}
? 
! Undefined control sequence.
l.64 ...1]{\textcolor[rgb]{1.00,0.00,0.00}{\textbf
                                                  {#1}}}
? 
! You can't use `macro parameter character #' in horizontal mode.
l.64 ...{\textcolor[rgb]{1.00,0.00,0.00}{\textbf{#
                                                  1}}}
? 
! Undefined control sequence.
l.65 \newcommand
                {\ExtensionTok}[1]{#1}
? 
! Undefined control sequence.
l.65 \newcommand{\ExtensionTok
                              }[1]{#1}
? 
! You can't use `macro parameter character #' in horizontal mode.
l.65 \newcommand{\ExtensionTok}[1]{#
                                    1}
? 
! Undefined control sequence.
l.66 \newcommand
                {\FloatTok}[1]{\textcolor[rgb]{0.25,0.63,0.44}{#1}}
? 
! Undefined control sequence.
l.66 \newcommand{\FloatTok
                          }[1]{\textcolor[rgb]{0.25,0.63,0.44}{#1}}
? 
! Undefined control sequence.
l.66 \newcommand{\FloatTok}[1]{\textcolor
                                         [rgb]{0.25,0.63,0.44}{#1}}
? 
! You can't use `macro parameter character #' in horizontal mode.
l.66 ...tTok}[1]{\textcolor[rgb]{0.25,0.63,0.44}{#
                                                  1}}
? 
! Undefined control sequence.
l.67 \newcommand
                {\FunctionTok}[1]{\textcolor[rgb]{0.02,0.16,0.49}{#1}}
? 
! Undefined control sequence.
l.67 \newcommand{\FunctionTok
                             }[1]{\textcolor[rgb]{0.02,0.16,0.49}{#1}}
? 
! Undefined control sequence.
l.67 \newcommand{\FunctionTok}[1]{\textcolor
                                            [rgb]{0.02,0.16,0.49}{#1}}
? 
! You can't use `macro parameter character #' in horizontal mode.
l.67 ...nTok}[1]{\textcolor[rgb]{0.02,0.16,0.49}{#
                                                  1}}
? 
! Undefined control sequence.
l.68 \newcommand
                {\ImportTok}[1]{#1}
? 
! Undefined control sequence.
l.68 \newcommand{\ImportTok
                           }[1]{#1}
? 
! You can't use `macro parameter character #' in horizontal mode.
l.68 \newcommand{\ImportTok}[1]{#
                                 1}
? 
! Undefined control sequence.
l.69 \newcommand
                {\InformationTok}[1]{\textcolor[rgb]{0.38,0.63,0.69}{\textbf...

? 
! Undefined control sequence.
l.69 \newcommand{\InformationTok
                                }[1]{\textcolor[rgb]{0.38,0.63,0.69}{\textbf...

? 
! Undefined control sequence.
l.69 \newcommand{\InformationTok}[1]{\textcolor
                                               [rgb]{0.38,0.63,0.69}{\textbf...

? 
! Undefined control sequence.
l.69 ...1]{\textcolor[rgb]{0.38,0.63,0.69}{\textbf
                                                  {\textit{#1}}}}
? 
! Undefined control sequence.
l.69 ...color[rgb]{0.38,0.63,0.69}{\textbf{\textit
                                                  {#1}}}}
? 
! You can't use `macro parameter character #' in horizontal mode.
l.69 ...lor[rgb]{0.38,0.63,0.69}{\textbf{\textit{#
                                                  1}}}}
? 
! Undefined control sequence.
l.70 \newcommand
                {\KeywordTok}[1]{\textcolor[rgb]{0.00,0.44,0.13}{\textbf{#1}}}
? 
! Undefined control sequence.
l.70 \newcommand{\KeywordTok
                            }[1]{\textcolor[rgb]{0.00,0.44,0.13}{\textbf{#1}}}
? 
! Undefined control sequence.
l.70 \newcommand{\KeywordTok}[1]{\textcolor
                                           [rgb]{0.00,0.44,0.13}{\textbf{#1}}}
? 
! Undefined control sequence.
l.70 ...1]{\textcolor[rgb]{0.00,0.44,0.13}{\textbf
                                                  {#1}}}
? 
! You can't use `macro parameter character #' in horizontal mode.
l.70 ...{\textcolor[rgb]{0.00,0.44,0.13}{\textbf{#
                                                  1}}}
? 
! Undefined control sequence.
l.71 \newcommand
                {\NormalTok}[1]{#1}
? 
! Undefined control sequence.
l.71 \newcommand{\NormalTok
                           }[1]{#1}
? 
! You can't use `macro parameter character #' in horizontal mode.
l.71 \newcommand{\NormalTok}[1]{#
                                 1}
? 
! Undefined control sequence.
l.72 \newcommand
                {\OperatorTok}[1]{\textcolor[rgb]{0.40,0.40,0.40}{#1}}
? 
! Undefined control sequence.
l.72 \newcommand{\OperatorTok
                             }[1]{\textcolor[rgb]{0.40,0.40,0.40}{#1}}
? 
! Undefined control sequence.
l.72 \newcommand{\OperatorTok}[1]{\textcolor
                                            [rgb]{0.40,0.40,0.40}{#1}}
? 
! You can't use `macro parameter character #' in horizontal mode.
l.72 ...rTok}[1]{\textcolor[rgb]{0.40,0.40,0.40}{#
                                                  1}}
? 
! Undefined control sequence.
l.73 \newcommand
                {\OtherTok}[1]{\textcolor[rgb]{0.00,0.44,0.13}{#1}}
? 
! Undefined control sequence.
l.73 \newcommand{\OtherTok
                          }[1]{\textcolor[rgb]{0.00,0.44,0.13}{#1}}
? 
! Undefined control sequence.
l.73 \newcommand{\OtherTok}[1]{\textcolor
                                         [rgb]{0.00,0.44,0.13}{#1}}
? 
! You can't use `macro parameter character #' in horizontal mode.
l.73 ...rTok}[1]{\textcolor[rgb]{0.00,0.44,0.13}{#
                                                  1}}
? 
! Undefined control sequence.
l.74 \newcommand
                {\PreprocessorTok}[1]{\textcolor[rgb]{0.74,0.48,0.00}{#1}}
? 
! Undefined control sequence.
l.74 \newcommand{\PreprocessorTok
                                 }[1]{\textcolor[rgb]{0.74,0.48,0.00}{#1}}
? 
! Undefined control sequence.
l.74 \newcommand{\PreprocessorTok}[1]{\textcolor
                                                [rgb]{0.74,0.48,0.00}{#1}}
? 
! You can't use `macro parameter character #' in horizontal mode.
l.74 ...rTok}[1]{\textcolor[rgb]{0.74,0.48,0.00}{#
                                                  1}}
? 
! Undefined control sequence.
l.75 \newcommand
                {\RegionMarkerTok}[1]{#1}
? 
! Undefined control sequence.
l.75 \newcommand{\RegionMarkerTok
                                 }[1]{#1}
? 
! You can't use `macro parameter character #' in horizontal mode.
l.75 \newcommand{\RegionMarkerTok}[1]{#
                                       1}
? 
! Undefined control sequence.
l.76 \newcommand
                {\SpecialCharTok}[1]{\textcolor[rgb]{0.25,0.44,0.63}{#1}}
? 
! Undefined control sequence.
l.76 \newcommand{\SpecialCharTok
                                }[1]{\textcolor[rgb]{0.25,0.44,0.63}{#1}}
? 
! Undefined control sequence.
l.76 \newcommand{\SpecialCharTok}[1]{\textcolor
                                               [rgb]{0.25,0.44,0.63}{#1}}
? 
! You can't use `macro parameter character #' in horizontal mode.
l.76 ...rTok}[1]{\textcolor[rgb]{0.25,0.44,0.63}{#
                                                  1}}
? 
! Undefined control sequence.
l.77 \newcommand
                {\SpecialStringTok}[1]{\textcolor[rgb]{0.73,0.40,0.53}{#1}}
? 
! Undefined control sequence.
l.77 \newcommand{\SpecialStringTok
                                  }[1]{\textcolor[rgb]{0.73,0.40,0.53}{#1}}
? 
! Undefined control sequence.
l.77 \newcommand{\SpecialStringTok}[1]{\textcolor
                                                 [rgb]{0.73,0.40,0.53}{#1}}
? 
! You can't use `macro parameter character #' in horizontal mode.
l.77 ...gTok}[1]{\textcolor[rgb]{0.73,0.40,0.53}{#
                                                  1}}
? 
! Undefined control sequence.
l.78 \newcommand
                {\StringTok}[1]{\textcolor[rgb]{0.25,0.44,0.63}{#1}}
? 
! Undefined control sequence.
l.78 \newcommand{\StringTok
                           }[1]{\textcolor[rgb]{0.25,0.44,0.63}{#1}}
? 
! Undefined control sequence.
l.78 \newcommand{\StringTok}[1]{\textcolor
                                          [rgb]{0.25,0.44,0.63}{#1}}
? 
! You can't use `macro parameter character #' in horizontal mode.
l.78 ...gTok}[1]{\textcolor[rgb]{0.25,0.44,0.63}{#
                                                  1}}
? 
! Undefined control sequence.
l.79 \newcommand
                {\VariableTok}[1]{\textcolor[rgb]{0.10,0.09,0.49}{#1}}
? 
! Undefined control sequence.
l.79 \newcommand{\VariableTok
                             }[1]{\textcolor[rgb]{0.10,0.09,0.49}{#1}}
? 
! Undefined control sequence.
l.79 \newcommand{\VariableTok}[1]{\textcolor
                                            [rgb]{0.10,0.09,0.49}{#1}}
? 
! You can't use `macro parameter character #' in horizontal mode.
l.79 ...eTok}[1]{\textcolor[rgb]{0.10,0.09,0.49}{#
                                                  1}}
? 
! Undefined control sequence.
l.80 \newcommand
                {\VerbatimStringTok}[1]{\textcolor[rgb]{0.25,0.44,0.63}{#1}}
? 
! Undefined control sequence.
l.80 \newcommand{\VerbatimStringTok
                                   }[1]{\textcolor[rgb]{0.25,0.44,0.63}{#1}}
? 
! Undefined control sequence.
l.80 \newcommand{\VerbatimStringTok}[1]{\textcolor
                                                  [rgb]{0.25,0.44,0.63}{#1}}
? 
! You can't use `macro parameter character #' in horizontal mode.
l.80 ...gTok}[1]{\textcolor[rgb]{0.25,0.44,0.63}{#
                                                  1}}
? 
! Undefined control sequence.
l.81 \newcommand
                {\WarningTok}[1]{\textcolor[rgb]{0.38,0.63,0.69}{\textbf{\te...

? 
! Undefined control sequence.
l.81 \newcommand{\WarningTok
                            }[1]{\textcolor[rgb]{0.38,0.63,0.69}{\textbf{\te...

? 
! Undefined control sequence.
l.81 \newcommand{\WarningTok}[1]{\textcolor
                                           [rgb]{0.38,0.63,0.69}{\textbf{\te...

? 
! Undefined control sequence.
l.81 ...1]{\textcolor[rgb]{0.38,0.63,0.69}{\textbf
                                                  {\textit{#1}}}}
? 
! Undefined control sequence.
l.81 ...color[rgb]{0.38,0.63,0.69}{\textbf{\textit
                                                  {#1}}}}
? 
! You can't use `macro parameter character #' in horizontal mode.
l.81 ...lor[rgb]{0.38,0.63,0.69}{\textbf{\textit{#
                                                  1}}}}
? 
! Undefined control sequence.
l.82 \setlength
               {\emergencystretch}{3em} % prevent overfull lines
? 
! Missing number, treated as zero.
<to be read again> 
                   }
l.82 \setlength{\emergencystretch}
                                  {3em} % prevent overfull lines
? 
! Illegal unit of measure (pt inserted).
<to be read again> 
                   }
l.82 \setlength{\emergencystretch}
                                  {3em} % prevent overfull lines
? 
! Undefined control sequence.
l.83 \providecommand
                    {\tightlist}{%
? 
! Undefined control sequence.
l.83 \providecommand{\tightlist
                               }{%
? 
! Undefined control sequence.
l.84   \setlength
                 {\itemsep}{0pt}\setlength{\parskip}{0pt}}
? 
! Undefined control sequence.
l.84   \setlength{\itemsep
                          }{0pt}\setlength{\parskip}{0pt}}
? 
! Undefined control sequence.
l.84   \setlength{\itemsep}{0pt}\setlength
                                          {\parskip}{0pt}}
? 
! Missing number, treated as zero.
<to be read again> 
                   }
l.84 ...tlength{\itemsep}{0pt}\setlength{\parskip}
                                                  {0pt}}
? 
! Illegal unit of measure (pt inserted).
<to be read again> 
                   }
l.84 ...tlength{\itemsep}{0pt}\setlength{\parskip}
                                                  {0pt}}
? 
! Undefined control sequence.
l.85 \setcounter
                {secnumdepth}{-\maxdimen} % remove section numbering
? 
! Missing number, treated as zero.
<to be read again> 
                   }
l.85 \setcounter{secnumdepth}{-\maxdimen}
                                          % remove section numbering
? 
! Illegal unit of measure (pt inserted).
<to be read again> 
                   }
l.85 \setcounter{secnumdepth}{-\maxdimen}
                                          % remove section numbering
? 
! Undefined control sequence.
l.86 \usepackage
                {tikz,pgfplots}
? 
! Undefined control sequence.
l.87 \usepackage
                {fancyhdr}
? 
! Undefined control sequence.
l.88 \pagestyle
               {fancy}
? 
! Undefined control sequence.
l.89 \fancyhead
               [CO,CE]{This is fancy}
? 
! Undefined control sequence.
l.90 \fancyfoot
               [CO,CE]{So is this}
? 
! Undefined control sequence.
l.91 \fancyfoot
               [LE,RO]{\thepage}
? 
! Undefined control sequence.
l.91 \fancyfoot[LE,RO]{\thepage
                               }
? 

Overfull \hbox (11.49638pt too wide) in paragraph at lines 50--92
\tenrm [1][rgb]0.25,0.44,0.631 [1][rgb]0.38,0.63,0.691 [1][rgb]0.38,0.63,0.691 
[1][rgb]0.53,0.00,0.001 [1][rgb]0.00,0.44,0.131|

\hbox(7.5+2.5)x469.75499, glue set - 1.0
.\tenrm [
.\tenrm 1
.\tenrm ]
.\tenrm [
.\tenrm r
.etc.


Overfull \hbox (29.2742pt too wide) in paragraph at lines 50--92
\tenrm [1][rgb]0.56,0.13,0.001 [1][rgb]0.25,0.63,0.441 [1][rgb]0.73,0.13,0.131 
[1][rgb]1.00,0.00,0.001 [1]1 [1][rgb]0.25,0.63,0.441|

\hbox(7.5+2.5)x469.75499, glue set - 1.0
.\tenrm [
.\tenrm 1
.\tenrm ]
.\tenrm [
.\tenrm r
.etc.


Overfull \hbox (47.05202pt too wide) in paragraph at lines 50--92
\tenrm [1][rgb]0.02,0.16,0.491 [1]1 [1][rgb]0.38,0.63,0.691 [1][rgb]0.00,0.44,0
.131 [1]1 [1][rgb]0.40,0.40,0.401 [1][rgb]0.00,0.44,0.131|

\hbox(7.5+2.5)x469.75499, glue set - 1.0
.\tenrm [
.\tenrm 1
.\tenrm ]
.\tenrm [
.\tenrm r
.etc.


Overfull \hbox (29.2742pt too wide) in paragraph at lines 50--92
\tenrm [1][rgb]0.74,0.48,0.001 [1]1 [1][rgb]0.25,0.44,0.631 [1][rgb]0.73,0.40,0
.531 [1][rgb]0.25,0.44,0.631 [1][rgb]0.10,0.09,0.491|

\hbox(7.5+2.5)x469.75499, glue set - 1.0
.\tenrm [
.\tenrm 1
.\tenrm ]
.\tenrm [
.\tenrm r
.etc.


Overfull \hbox (16.4684pt too wide) in paragraph at lines 50--92
\tenrm [1][rgb]0.25,0.44,0.631 [1][rgb]0.38,0.63,0.691 3em 0pt0pt secnumdepth- 
tikz,pgfplots fan-cy-hdr fancy [CO,CE]This|

\hbox(7.5+2.5)x469.75499, glue set - 1.0
.\tenrm [
.\tenrm 1
.\tenrm ]
.\tenrm [
.\tenrm r
.etc.

! Undefined control sequence.
l.93 \title
           {Just say hello!}
? 
! Undefined control sequence.
l.94 \author
            {My Friend}
? 
! Undefined control sequence.
l.95 \date
          {}
? 
! Undefined control sequence.
l.97 \begin
           {document}
? 
! Undefined control sequence.
l.98 \maketitle
               
? 
! Undefined control sequence.
l.99 \begin
           {abstract}
? 
[1] )
Output written on Hello.dvi (1 page, 1928 bytes).
